hankm@vision-1:~$ nvidia-smi
Fri Mar  8 16:20:00 2024       
+---------------------------------------------------------------------------------------+
| NVIDIA-SMI 535.161.07             Driver Version: 535.161.07   CUDA Version: 12.2     |
|-----------------------------------------+----------------------+----------------------+
| GPU  Name                 Persistence-M | Bus-Id        Disp.A | Volatile Uncorr. ECC |
| Fan  Temp   Perf          Pwr:Usage/Cap |         Memory-Usage | GPU-Util  Compute M. |
|                                         |                      |               MIG M. |
|=========================================+======================+======================|
|   0  NVIDIA GeForce RTX 3070 Ti     On  | 00000000:53:00.0 Off |                  N/A |
| 75%   65C    P2             251W / 310W |   7494MiB /  8192MiB |     95%      Default |
|                                         |                      |                  N/A |
+-----------------------------------------+----------------------+----------------------+
                                                                                         
+---------------------------------------------------------------------------------------+
| Processes:                                                                            |
|  GPU   GI   CI        PID   Type   Process name                            GPU Memory |
|        ID   ID                                                             Usage      |
|=======================================================================================|
|    0   N/A  N/A      2067      G   /usr/lib/xorg/Xorg                           35MiB |
|    0   N/A  N/A     12957      G   /usr/lib/xorg/Xorg                           84MiB |
|    0   N/A  N/A     13089      G   /usr/bin/gnome-shell                         13MiB |
|    0   N/A  N/A    101043      C   python3                                    7334MiB |
+---------------------------------------------------------------------------------------+
hankm@vision-1:~$
