hankm@vision-1:~/yolov5$ trainnw.sh
train: weights=yolov5l.pt, cfg=, data=nw.yaml, hyp=data/hyps/hyp.scratch-low.yaml, epochs=3, batch_size=16, imgsz=512, rect=False, resume=False, nosave=False, noval=False, noautoanchor=False, noplots=False, evolve=None, evolve_population=data/hyps, resume_evolve=None, bucket=, cache=None, image_weights=False, device=, multi_scale=False, single_cls=False, optimizer=SGD, sync_bn=False, workers=8, project=runs/train, name=exp, exist_ok=False, quad=False, cos_lr=False, label_smoothing=0.0, patience=100, freeze=[0], save_period=-1, seed=0, local_rank=-1, entity=None, upload_dataset=False, bbox_interval=-1, artifact_alias=latest, ndjson_console=False, ndjson_file=False
github: up to date with https://github.com/ultralytics/yolov5 ✅
YOLOv5 🚀 v7.0-290-gb2ffe055 Python-3.8.10 torch-2.2.1+cu121 CUDA:0 (NVIDIA GeForce RTX 3070 Ti, 7971MiB)

hyperparameters: lr0=0.01, lrf=0.01, momentum=0.937, weight_decay=0.0005, warmup_epochs=3.0, warmup_momentum=0.8, warmup_bias_lr=0.1, box=0.05, cls=0.5, cls_pw=1.0, obj=1.0, obj_pw=1.0, iou_t=0.2, anchor_t=4.0, fl_gamma=0.0, hsv_h=0.015, hsv_s=0.7, hsv_v=0.4, degrees=0.0, translate=0.1, scale=0.5, shear=0.0, perspective=0.0, flipud=0.0, fliplr=0.5, mosaic=1.0, mixup=0.0, copy_paste=0.0
TensorBoard: Start with 'tensorboard --logdir runs/train', view at http://localhost:6006/
COMET WARNING: Comet credentials have not been set. Comet will default to offline logging. Please set your credentials to enable online logging.
COMET INFO: Using '/home/hankm/yolov5/.cometml-runs' path as offline directory. Pass 'offline_directory' parameter into constructor or set the 'COMET_OFFLINE_DIRECTORY' environment variable to manually choose where to store offline experiment archives.
Overriding model.yaml nc=80 with nc=5

                 from  n    params  module                                  arguments                     
  0                -1  1      7040  models.common.Conv                      [3, 64, 6, 2, 2]              
  1                -1  1     73984  models.common.Conv                      [64, 128, 3, 2]               
  2                -1  3    156928  models.common.C3                        [128, 128, 3]                 
  3                -1  1    295424  models.common.Conv                      [128, 256, 3, 2]              
  4                -1  6   1118208  models.common.C3                        [256, 256, 6]                 
  5                -1  1   1180672  models.common.Conv                      [256, 512, 3, 2]              
  6                -1  9   6433792  models.common.C3                        [512, 512, 9]                 
  7                -1  1   4720640  models.common.Conv                      [512, 1024, 3, 2]             
  8                -1  3   9971712  models.common.C3                        [1024, 1024, 3]               
  9                -1  1   2624512  models.common.SPPF                      [1024, 1024, 5]               
 10                -1  1    525312  models.common.Conv                      [1024, 512, 1, 1]             
 11                -1  1         0  torch.nn.modules.upsampling.Upsample    [None, 2, 'nearest']          
 12           [-1, 6]  1         0  models.common.Concat                    [1]                           
 13                -1  3   2757632  models.common.C3                        [1024, 512, 3, False]         
 14                -1  1    131584  models.common.Conv                      [512, 256, 1, 1]              
 15                -1  1         0  torch.nn.modules.upsampling.Upsample    [None, 2, 'nearest']          
 16           [-1, 4]  1         0  models.common.Concat                    [1]                           
 17                -1  3    690688  models.common.C3                        [512, 256, 3, False]          
 18                -1  1    590336  models.common.Conv                      [256, 256, 3, 2]              
 19          [-1, 14]  1         0  models.common.Concat                    [1]                           
 20                -1  3   2495488  models.common.C3                        [512, 512, 3, False]          
 21                -1  1   2360320  models.common.Conv                      [512, 512, 3, 2]              
 22          [-1, 10]  1         0  models.common.Concat                    [1]                           
 23                -1  3   9971712  models.common.C3                        [1024, 1024, 3, False]        
 24      [17, 20, 23]  1     53850  models.yolo.Detect                      [5, [[10, 13, 16, 30, 33, 23], [30, 61, 62, 45, 59, 119], [116, 90, 156, 198, 373, 326]], [256, 512, 1024]]
Model summary: 368 layers, 46159834 parameters, 46159834 gradients, 108.3 GFLOPs

Transferred 607/613 items from yolov5l.pt
AMP: checks passed ✅
optimizer: SGD(lr=0.01) with parameter groups 101 weight(decay=0.0), 104 weight(decay=0.0005), 104 bias
train: Scanning /home/hankm/datasets/nw/labels... 13920 images, 0 backgrounds, 0 corrupt: 100%|██████████| 13920/13920 [00:00<00:00, 26750.00it/s]
train: New cache created: /home/hankm/datasets/nw/labels.cache
val: Scanning /home/hankm/datasets/nw/labels.cache... 13920 images, 0 backgrounds, 0 corrupt: 100%|██████████| 13920/13920 [00:00<?, ?it/s]

AutoAnchor: 4.62 anchors/target, 1.000 Best Possible Recall (BPR). Current anchors are a good fit to dataset ✅
Plotting labels to runs/train/exp4/labels.jpg... 
Image sizes 512 train, 512 val
Using 8 dataloader workers
Logging results to runs/train/exp4
Starting training for 3 epochs...

      Epoch    GPU_mem   box_loss   obj_loss   cls_loss  Instances       Size
        0/2      6.34G    0.04746    0.01502    0.02325         38        512: 100%|██████████| 870/870 [03:00<00:00,  4.83it/s]
                 Class     Images  Instances          P          R      mAP50   mAP50-95: 100%|██████████| 435/435 [01:56<00:00,  3.75it/s]
                   all      13920      13920      0.855      0.702      0.745      0.473

      Epoch    GPU_mem   box_loss   obj_loss   cls_loss  Instances       Size
        1/2       7.4G    0.03145   0.008555   0.006579         30        512: 100%|██████████| 870/870 [02:54<00:00,  4.98it/s]
                 Class     Images  Instances          P          R      mAP50   mAP50-95: 100%|██████████| 435/435 [01:56<00:00,  3.74it/s]
                   all      13920      13920      0.954      0.773      0.873      0.621

      Epoch    GPU_mem   box_loss   obj_loss   cls_loss  Instances       Size
        2/2       7.4G    0.02338   0.007206   0.004419         26        512: 100%|██████████| 870/870 [03:16<00:00,  4.42it/s]
                 Class     Images  Instances          P          R      mAP50   mAP50-95: 100%|██████████| 435/435 [09:13<00:00,  1.27s/it]  
                   all      13920      13920      0.975      0.972      0.987      0.789

3 epochs completed in 0.374 hours.
Optimizer stripped from runs/train/exp4/weights/last.pt, 92.8MB
Optimizer stripped from runs/train/exp4/weights/best.pt, 92.8MB

Validating runs/train/exp4/weights/best.pt...
Fusing layers... 
Model summary: 267 layers, 46129818 parameters, 0 gradients, 107.7 GFLOPs
                 Class     Images  Instances          P          R      mAP50   mAP50-95: 100%|██████████| 435/435 [07:32<00:00,  1.04s/it]
                   all      13920      13920      0.975      0.972      0.987      0.789
                  male      13920       2960       0.96      0.985      0.984      0.817
                female      13920       2880       0.98      0.974      0.986      0.838
                  enby      13920        240      0.982      0.925       0.99      0.812
              predator      13920       1360      0.963      0.988      0.983      0.711
              resource      13920       6480      0.987      0.987       0.99      0.766
Results saved to runs/train/exp4
COMET INFO: ---------------------------------------------------------------------------------------
COMET INFO: Comet.ml OfflineExperiment Summary
COMET INFO: ---------------------------------------------------------------------------------------
COMET INFO:   Data:
COMET INFO:     display_summary_level : 1
COMET INFO:     url                   : [OfflineExperiment will get URL after upload]
COMET INFO:   Metrics [count] (min, max):
COMET INFO:     loss [259]               : (0.4656502604484558, 3.1385507583618164)
COMET INFO:     metrics/mAP_0.5 [6]      : (0.7449470373612304, 0.9866145162864898)
COMET INFO:     metrics/mAP_0.5:0.95 [6] : (0.4731761434074208, 0.788635617754734)
COMET INFO:     metrics/precision [6]    : (0.8550290586598118, 0.9745879937031644)
COMET INFO:     metrics/recall [6]       : (0.7021788768616111, 0.9716471496097927)
COMET INFO:     train/box_loss [6]       : (0.02337842993438244, 0.04745902121067047)
COMET INFO:     train/cls_loss [6]       : (0.004418918397277594, 0.023246195167303085)
COMET INFO:     train/obj_loss [6]       : (0.0072060441598296165, 0.015017262659966946)
COMET INFO:     val/box_loss [6]         : (0.01645493134856224, 0.030020907521247864)
COMET INFO:     val/cls_loss [6]         : (0.0024715636391192675, 0.00605028448626399)
COMET INFO:     val/obj_loss [6]         : (0.0030301788356155157, 0.003816304262727499)
COMET INFO:     x/lr0 [6]                : (0.0034370114942528646, 0.07003448275862069)
COMET INFO:     x/lr1 [6]                : (0.003329501915708812, 0.004464099616858237)
COMET INFO:     x/lr2 [6]                : (0.003329501915708812, 0.004464099616858237)
COMET INFO:   Others:
COMET INFO:     Name                        : exp
COMET INFO:     comet_log_batch_metrics     : False
COMET INFO:     comet_log_confusion_matrix  : True
COMET INFO:     comet_log_per_class_metrics : False
COMET INFO:     comet_max_image_uploads     : 100
COMET INFO:     comet_mode                  : online
COMET INFO:     comet_model_name            : yolov5
COMET INFO:     hasNestedParams             : True
COMET INFO:     offline_experiment          : True
COMET INFO:   Parameters:
COMET INFO:     anchor_t            : 4.0
COMET INFO:     artifact_alias      : latest
COMET INFO:     batch_size          : 16
COMET INFO:     bbox_interval       : -1
COMET INFO:     box                 : 0.05
COMET INFO:     bucket              : 
COMET INFO:     cache               : None
COMET INFO:     cfg                 : 
COMET INFO:     cls                 : 0.03125
COMET INFO:     cls_pw              : 1.0
COMET INFO:     copy_paste          : 0.0
COMET INFO:     cos_lr              : False
COMET INFO:     degrees             : 0.0
COMET INFO:     device              : 
COMET INFO:     entity              : None
COMET INFO:     evolve              : None
COMET INFO:     evolve_population   : data/hyps
COMET INFO:     exist_ok            : False
COMET INFO:     fl_gamma            : 0.0
COMET INFO:     fliplr              : 0.5
COMET INFO:     flipud              : 0.0
COMET INFO:     freeze              : [0]
COMET INFO:     hsv_h               : 0.015
COMET INFO:     hsv_s               : 0.7
COMET INFO:     hsv_v               : 0.4
COMET INFO:     hyp|anchor_t        : 4.0
COMET INFO:     hyp|box             : 0.05
COMET INFO:     hyp|cls             : 0.5
COMET INFO:     hyp|cls_pw          : 1.0
COMET INFO:     hyp|copy_paste      : 0.0
COMET INFO:     hyp|degrees         : 0.0
COMET INFO:     hyp|fl_gamma        : 0.0
COMET INFO:     hyp|fliplr          : 0.5
COMET INFO:     hyp|flipud          : 0.0
COMET INFO:     hyp|hsv_h           : 0.015
COMET INFO:     hyp|hsv_s           : 0.7
COMET INFO:     hyp|hsv_v           : 0.4
COMET INFO:     hyp|iou_t           : 0.2
COMET INFO:     hyp|lr0             : 0.01
COMET INFO:     hyp|lrf             : 0.01
COMET INFO:     hyp|mixup           : 0.0
COMET INFO:     hyp|momentum        : 0.937
COMET INFO:     hyp|mosaic          : 1.0
COMET INFO:     hyp|obj             : 1.0
COMET INFO:     hyp|obj_pw          : 1.0
COMET INFO:     hyp|perspective     : 0.0
COMET INFO:     hyp|scale           : 0.5
COMET INFO:     hyp|shear           : 0.0
COMET INFO:     hyp|translate       : 0.1
COMET INFO:     hyp|warmup_bias_lr  : 0.1
COMET INFO:     hyp|warmup_epochs   : 3.0
COMET INFO:     hyp|warmup_momentum : 0.8
COMET INFO:     hyp|weight_decay    : 0.0005
COMET INFO:     image_weights       : False
COMET INFO:     imgsz               : 512
COMET INFO:     iou_t               : 0.2
COMET INFO:     label_smoothing     : 0.0
COMET INFO:     local_rank          : -1
COMET INFO:     lr0                 : 0.01
COMET INFO:     lrf                 : 0.01
COMET INFO:     mixup               : 0.0
COMET INFO:     momentum            : 0.937
COMET INFO:     mosaic              : 1.0
COMET INFO:     multi_scale         : False
COMET INFO:     name                : exp
COMET INFO:     ndjson_console      : False
COMET INFO:     ndjson_file         : False
COMET INFO:     noautoanchor        : False
COMET INFO:     noplots             : False
COMET INFO:     nosave              : False
COMET INFO:     noval               : False
COMET INFO:     obj                 : 0.6400000000000001
COMET INFO:     obj_pw              : 1.0
COMET INFO:     optimizer           : SGD
COMET INFO:     patience            : 100
COMET INFO:     perspective         : 0.0
COMET INFO:     project             : runs/train
COMET INFO:     quad                : False
COMET INFO:     rect                : False
COMET INFO:     resume              : False
COMET INFO:     resume_evolve       : None
COMET INFO:     save_dir            : runs/train/exp4
COMET INFO:     save_period         : -1
COMET INFO:     scale               : 0.5
COMET INFO:     seed                : 0
COMET INFO:     shear               : 0.0
COMET INFO:     single_cls          : False
COMET INFO:     sync_bn             : False
COMET INFO:     translate           : 0.1
COMET INFO:     upload_dataset      : False
COMET INFO:     val_conf_threshold  : 0.001
COMET INFO:     val_iou_threshold   : 0.6
COMET INFO:     warmup_bias_lr      : 0.1
COMET INFO:     warmup_epochs       : 3.0
COMET INFO:     warmup_momentum     : 0.8
COMET INFO:     weight_decay        : 0.0005
COMET INFO:     workers             : 8
COMET INFO:   Uploads:
COMET INFO:     asset               : 13 (1.70 MB)
COMET INFO:     confusion-matrix    : 1
COMET INFO:     environment details : 1
COMET INFO:     git metadata        : 1
COMET INFO:     images              : 84
COMET INFO:     installed packages  : 1
COMET INFO:     model graph         : 1
COMET INFO:     os packages         : 1
COMET INFO: 
COMET INFO: Still saving offline stats to messages file before program termination (may take up to 120 seconds)
COMET INFO: Starting saving the offline archive
COMET INFO: To upload this offline experiment, run:
    comet upload /home/hankm/yolov5/.cometml-runs/3428811a07134d9b864b26a8f5861da9.zip
hankm@vision-1:~/yolov5$
